2024-08-29 01:40:02.993 [info] [main] Log level: Info
2024-08-29 01:40:02.993 [info] [main] Validating found git in: "git"
2024-08-29 01:40:02.993 [info] [main] Using git "2.43.0" from "git"
2024-08-29 01:40:02.993 [info] [Model][doInitialScan] Initial repository scan started
2024-08-29 01:40:02.993 [info] > git rev-parse --show-toplevel [2ms]
2024-08-29 01:40:02.993 [info] > git rev-parse --git-dir --git-common-dir [1ms]
2024-08-29 01:40:02.993 [info] [Model][openRepository] Opened repository: /workspace/project
2024-08-29 01:40:02.993 [info] > git config --get commit.template [6ms]
2024-08-29 01:40:02.994 [info] > git rev-parse --show-toplevel [8ms]
2024-08-29 01:40:02.994 [info] > git for-each-ref --format=%(refname)%00%(upstream:short)%00%(objectname)%00%(upstream:track)%00%(upstream:remotename)%00%(upstream:remoteref) refs/heads/main refs/remotes/main [7ms]
2024-08-29 01:40:02.994 [warning] [Git][revParse] Unable to read file: ENOENT: no such file or directory, open '/workspace/project/.git/refs/remotes/origin/main'
2024-08-29 01:40:02.994 [info] > git rev-parse --show-toplevel [6ms]
2024-08-29 01:40:02.994 [info] [Model][doInitialScan] Initial repository scan completed - repositories (1), closed repositories (0), parent repositories (0), unsafe repositories (0)
2024-08-29 01:40:02.994 [info] > git rev-parse refs/remotes/origin/main [2ms]
2024-08-29 01:40:02.994 [info] > git status -z -uall [2ms]
2024-08-29 01:40:02.994 [info] > git for-each-ref --format=%(refname)%00%(upstream:short)%00%(objectname)%00%(upstream:track)%00%(upstream:remotename)%00%(upstream:remoteref) refs/heads/main refs/remotes/main [11ms]
2024-08-29 01:40:02.994 [info] > git config --get commit.template [6ms]
2024-08-29 01:40:02.994 [info] > git config --local branch.main.vscode-merge-base [6ms]
2024-08-29 01:40:02.994 [warning] [Git][config] git config failed: Failed to execute git
2024-08-29 01:40:02.994 [info] > git for-each-ref --format=%(refname)%00%(upstream:short)%00%(objectname)%00%(upstream:track)%00%(upstream:remotename)%00%(upstream:remoteref) refs/heads/main refs/remotes/main [6ms]
2024-08-29 01:40:02.994 [warning] [Git][revParse] Unable to read file: ENOENT: no such file or directory, open '/workspace/project/.git/refs/remotes/origin/main'
2024-08-29 01:40:02.994 [info] > git reflog main --grep-reflog=branch: Created from *. [5ms]
2024-08-29 01:40:02.994 [info] > git rev-parse refs/remotes/origin/main [5ms]
2024-08-29 01:40:02.994 [info] > git symbolic-ref --short refs/remotes/origin/HEAD [5ms]
2024-08-29 01:40:02.994 [info] > git status -z -uall [118ms]
2024-08-29 01:40:02.994 [info] > git for-each-ref --format=%(refname)%00%(upstream:short)%00%(objectname)%00%(upstream:track)%00%(upstream:remotename)%00%(upstream:remoteref) refs/heads/main refs/remotes/main [10ms]
2024-08-29 01:40:02.994 [info] > git for-each-ref --format=%(refname)%00%(upstream:short)%00%(objectname)%00%(upstream:track)%00%(upstream:remotename)%00%(upstream:remoteref) refs/heads/origin/main refs/remotes/origin/main [134ms]
2024-08-29 01:40:02.994 [info] > git config --local branch.main.vscode-merge-base [6ms]
2024-08-29 01:40:02.994 [warning] [Git][config] git config failed: Failed to execute git
2024-08-29 01:40:02.994 [info] > git config --local branch.main.vscode-merge-base origin/main [6ms]
2024-08-29 01:40:02.994 [info] > git config --get commit.template [5ms]
2024-08-29 01:40:02.994 [info] > git reflog main --grep-reflog=branch: Created from *. [33ms]
2024-08-29 01:40:02.994 [info] > git symbolic-ref --short refs/remotes/origin/HEAD [8ms]
2024-08-29 01:40:02.994 [info] > git for-each-ref --format=%(refname)%00%(upstream:short)%00%(objectname)%00%(upstream:track)%00%(upstream:remotename)%00%(upstream:remoteref) refs/heads/main refs/remotes/main [14ms]
2024-08-29 01:40:02.994 [info] > git for-each-ref --format=%(refname)%00%(upstream:short)%00%(objectname)%00%(upstream:track)%00%(upstream:remotename)%00%(upstream:remoteref) refs/heads/origin/main refs/remotes/origin/main [8ms]
2024-08-29 01:40:02.994 [warning] [Git][revParse] Unable to read file: ENOENT: no such file or directory, open '/workspace/project/.git/refs/remotes/origin/main'
2024-08-29 01:40:02.994 [info] > git config --local branch.main.vscode-merge-base origin/main [5ms]
2024-08-29 01:40:02.994 [info] > git rev-parse refs/remotes/origin/main [7ms]
2024-08-29 01:40:02.994 [info] > git config --get commit.template [17ms]
2024-08-29 01:40:02.994 [info] > git merge-base refs/heads/main refs/remotes/origin/main [17ms]
2024-08-29 01:40:02.994 [info] > git for-each-ref --format=%(refname)%00%(upstream:short)%00%(objectname)%00%(upstream:track)%00%(upstream:remotename)%00%(upstream:remoteref) refs/heads/main refs/remotes/main [43ms]
2024-08-29 01:40:02.994 [warning] [Git][revParse] Unable to read file: ENOENT: no such file or directory, open '/workspace/project/.git/refs/remotes/origin/main'
2024-08-29 01:40:02.994 [info] > git rev-list --count --left-right refs/heads/main...refs/remotes/origin/main [7ms]
2024-08-29 01:40:02.994 [info] > git rev-parse refs/remotes/origin/main [7ms]
2024-08-29 01:40:02.994 [info] > git diff --name-status -z --diff-filter=ADMR ebef6c6b5a5bd079e5abd81c2740b1261740ce15...refs/remotes/origin/main [7ms]
2024-08-29 01:40:02.994 [info] > git status -z -uall [6ms]
2024-08-29 01:40:02.995 [info] > git for-each-ref --format=%(refname)%00%(upstream:short)%00%(objectname)%00%(upstream:track)%00%(upstream:remotename)%00%(upstream:remoteref) refs/heads/main refs/remotes/main [3ms]
2024-08-29 01:40:03.002 [info] > git config --local branch.main.vscode-merge-base [1ms]
2024-08-29 01:40:03.009 [info] > git for-each-ref --format=%(refname)%00%(upstream:short)%00%(objectname)%00%(upstream:track)%00%(upstream:remotename)%00%(upstream:remoteref) refs/heads/origin/main refs/remotes/origin/main [2ms]
2024-08-29 01:40:03.503 [info] > git check-ignore -v -z --stdin [2ms]
2024-08-29 01:40:05.665 [info] > git config --get commit.template [6ms]
2024-08-29 01:40:05.667 [info] > git for-each-ref --format=%(refname)%00%(upstream:short)%00%(objectname)%00%(upstream:track)%00%(upstream:remotename)%00%(upstream:remoteref) refs/heads/main refs/remotes/main [2ms]
2024-08-29 01:40:05.672 [warning] [Git][revParse] Unable to read file: ENOENT: no such file or directory, open '/workspace/project/.git/refs/remotes/origin/main'
2024-08-29 01:40:05.674 [info] > git rev-parse refs/remotes/origin/main [1ms]
2024-08-29 01:40:05.681 [info] > git status -z -uall [2ms]
2024-08-29 01:40:05.691 [info] > git for-each-ref --format=%(refname)%00%(upstream:short)%00%(objectname)%00%(upstream:track)%00%(upstream:remotename)%00%(upstream:remoteref) refs/heads/main refs/remotes/main [3ms]
2024-08-29 01:40:05.698 [info] > git config --local branch.main.vscode-merge-base [1ms]
2024-08-29 01:40:05.706 [info] > git for-each-ref --format=%(refname)%00%(upstream:short)%00%(objectname)%00%(upstream:track)%00%(upstream:remotename)%00%(upstream:remoteref) refs/heads/origin/main refs/remotes/origin/main [2ms]
2024-08-29 01:40:06.292 [info] > git config --local branch.main.github-pr-owner-number [2ms]
2024-08-29 01:40:06.292 [warning] [Git][config] git config failed: Failed to execute git
2024-08-29 01:40:33.516 [info] > git config --get commit.template [10ms]
2024-08-29 01:40:33.517 [info] > git for-each-ref --format=%(refname)%00%(upstream:short)%00%(objectname)%00%(upstream:track)%00%(upstream:remotename)%00%(upstream:remoteref) refs/heads/main refs/remotes/main [2ms]
2024-08-29 01:40:33.524 [warning] [Git][revParse] Unable to read file: ENOENT: no such file or directory, open '/workspace/project/.git/refs/remotes/origin/main'
2024-08-29 01:40:33.526 [info] > git rev-parse refs/remotes/origin/main [1ms]
2024-08-29 01:40:33.535 [info] > git status -z -uall [3ms]
2024-08-29 01:40:33.547 [info] > git for-each-ref --format=%(refname)%00%(upstream:short)%00%(objectname)%00%(upstream:track)%00%(upstream:remotename)%00%(upstream:remoteref) refs/heads/main refs/remotes/main [3ms]
2024-08-29 01:40:33.565 [info] > git config --local branch.main.vscode-merge-base [2ms]
2024-08-29 01:40:33.574 [info] > git for-each-ref --format=%(refname)%00%(upstream:short)%00%(objectname)%00%(upstream:track)%00%(upstream:remotename)%00%(upstream:remoteref) refs/heads/origin/main refs/remotes/origin/main [2ms]
