2024-08-29 01:40:45.419 [warning] /home/gitpod/.ssh/config: ENOENT: no such file or directory, open '/home/gitpod/.ssh/config'
2024-08-29 01:40:45.419 [info] Activation> Extension version: 0.92.0
2024-08-29 01:40:47.990 [info] Looking for git repository
2024-08-29 01:40:47.990 [info] Found 0 repositories during activation
2024-08-29 01:40:47.990 [info] Git repository found, initializing review manager and pr tree view.
2024-08-29 01:40:47.994 [info] Registering git provider
2024-08-29 01:40:47.994 [info] Review+0> Validate state in progress
2024-08-29 01:40:47.994 [info] Review+0> Validating state...
2024-08-29 01:40:48.207 [info] Found GitHub remote for folder /workspace/project
2024-08-29 01:40:48.209 [info] Trying to use globalState for assignableUsers.
2024-08-29 01:40:48.224 [info] Review+0> No matching pull request metadata found locally for current branch main
2024-08-29 01:40:48.224 [info] Review+0> No matching pull request metadata found on GitHub for current branch main
2024-08-29 01:40:48.426 [info] GlobalState does not exist for assignableUsers.
2024-08-29 01:41:29.079 [info] Review+0> Validate state in progress
2024-08-29 01:41:29.079 [info] Review+0> Validating state...
2024-08-29 01:41:29.079 [info] Repo state for file:///workspace/project changed.
2024-08-29 01:41:29.079 [info] Repo file:///workspace/project has already been setup.
2024-08-29 01:41:29.281 [info] Found GitHub remote for folder /workspace/project
2024-08-29 01:41:29.282 [info] Using in-memory cached assignable users.
2024-08-29 01:41:29.290 [info] Review+0> No matching pull request metadata found locally for current branch main
2024-08-29 01:41:29.290 [info] Review+0> No matching pull request metadata found on GitHub for current branch main
2024-08-29 02:06:23.070 [info] Review+0> Validate state in progress
2024-08-29 02:06:23.070 [info] Review+0> Validating state...
2024-08-29 02:06:23.271 [info] Found GitHub remote for folder /workspace/project
2024-08-29 02:06:23.272 [info] Using in-memory cached assignable users.
2024-08-29 02:06:23.281 [info] Review+0> No matching pull request metadata found locally for current branch main
2024-08-29 02:06:23.281 [info] Review+0> No matching pull request metadata found on GitHub for current branch main
