2024-08-29 01:40:02.014 [info] Log level: Info
2024-08-29 01:40:02.022 [info] VSCODE_MACHINE_ID: e01589d4-61c5-471d-90ba-9dd1abcbf000
2024-08-29 01:40:02.022 [info] VSCODE_SESSION_ID: 84b6d2c8-a951-42b7-8998-33f4b2b30d6d1724895597492
2024-08-29 01:40:02.022 [info] VSCODE_VERSION: 1.92.1
2024-08-29 01:40:02.022 [info] VSCODE_APP_NAME: Gitpod Code
2024-08-29 01:40:02.022 [info] VSCODE_APP_HOST: Gitpod
2024-08-29 01:40:02.022 [info] VSCODE_UI_KIND: web
2024-08-29 01:40:02.022 [info] GITPOD_WORKSPACE_CONTEXT_URL: https://github.com/freeCodeCamp/learn-celestial-bodies-database
2024-08-29 01:40:02.022 [info] GITPOD_INSTANCE_ID: b4f4cd48-7eb9-49e1-aa0e-d216e55ce722
2024-08-29 01:40:02.022 [info] GITPOD_WORKSPACE_URL: https://freecodecam-learncelest-w8fny2sw316.ws-us115.gitpod.io
2024-08-29 01:40:02.029 [info] Gitpod Web 7ff72a2
2024-08-29 01:40:02.029 [info] Reading sessions from keychain...
2024-08-29 01:40:02.238 [info] Getting sessions for all scopes...
2024-08-29 01:40:02.238 [info] Getting GitHub sessions for all scopes...
2024-08-29 01:40:02.238 [info] Getting sessions for function:accessCodeSyncStorage...
2024-08-29 01:40:02.238 [info] Got stored sessions!
2024-08-29 01:40:02.238 [info] Verified session with the following scopes: function:accessCodeSyncStorage function:closePort function:controlAdmission function:deleteEnvVar function:generateNewGitpodToken function:getDefaultWorkspaceImage function:getEnvVars function:getGitpodTokenScopes function:getIDToken function:getLoggedInUser function:getOpenPorts function:getSupportedWorkspaceClasses function:getTeams function:getToken function:getWorkspace function:getWorkspaceEnvVars function:getWorkspaceOwner function:getWorkspaceTimeout function:getWorkspaceUsers function:guessGitTokenScopes function:isWorkspaceOwner function:openPort function:sendHeartBeat function:setEnvVar function:setWorkspaceTimeout function:stopWorkspace function:takeSnapshot function:trackEvent function:updateGitStatus function:waitForSnapshot resource:contentBlob::*::create/get resource:envVar::freeCodeCamp/learn-celestial-bodies-database::create/get/update/delete resource:gitpodToken::*::create resource:snapshot::ws-freecodecam-learncelest-w8fny2sw316::create resource:token::*::get resource:userStorage::*::create/get/update resource:workspace::freecodecam-learncelest-w8fny2sw316::get/update resource:workspaceInstance::b4f4cd48-7eb9-49e1-aa0e-d216e55ce722::get/update/delete
2024-08-29 01:40:02.238 [info] Got 1 verified sessions.
2024-08-29 01:40:02.239 [info] Got 1 sessions for all scopes...
2024-08-29 01:40:02.239 [info] Got 1 sessions for function:accessCodeSyncStorage...
2024-08-29 01:40:02.334 [info] Got 1 GitHub sessions for all scopes...
2024-08-29 01:40:02.525 [info] Getting sessions for all scopes...
2024-08-29 01:40:02.525 [info] Got 1 sessions for all scopes...
2024-08-29 01:40:02.563 [info] Getting GitHub sessions for all scopes...
2024-08-29 01:40:02.563 [info] Got 1 GitHub sessions for all scopes...
2024-08-29 01:40:03.203 [info] Getting GitHub sessions for read:user,repo,user:email,workflow...
2024-08-29 01:40:03.203 [info] Got 0 GitHub sessions for read:user,repo,user:email,workflow...
2024-08-29 01:40:04.123 [info] Getting GitHub sessions for project,read:org,read:user,repo,user:email,workflow...
2024-08-29 01:40:04.123 [info] Got 0 GitHub sessions for project,read:org,read:user,repo,user:email,workflow...
2024-08-29 01:40:04.697 [info] Getting GitHub sessions for read:user,repo,user:email,workflow...
2024-08-29 01:40:04.697 [info] Got 0 GitHub sessions for read:user,repo,user:email,workflow...
2024-08-29 01:40:05.280 [info] Getting GitHub sessions for read:user,repo,user:email...
2024-08-29 01:40:05.280 [info] Got 0 GitHub sessions for read:user,repo,user:email...
2024-08-29 01:40:05.872 [info] Getting GitHub sessions for read:user,repo,user:email,workflow...
2024-08-29 01:40:05.872 [info] Got 0 GitHub sessions for read:user,repo,user:email,workflow...
